<?xml version="1.0" encoding="UTF-8"?>
<!-- Generated by org.testng.reporters.JUnitReportReporter -->
<testsuite hostname="ESGDS-CHN-TE002" failures="0" tests="1" name="Esgds.page.logintest" time="0.019" errors="0" timestamp="2025-06-12T13:06:25 IST" skipped="0">
  <testcase classname="Esgds.page.logintest" name="login" time="0.019"/>
  <system-out/>
</testsuite> <!-- Esgds.page.logintest -->
